[0912/042712:ERROR:process_info.cc(608)] range at 0xeab2317e00000000, size 0x27f fully unreadable
[0912/042712:ERROR:process_info.cc(608)] range at 0xeab231e600000000, size 0x27f fully unreadable
[0912/042712:ERROR:process_info.cc(608)] range at 0x0, size 0x27f fully unreadable
[0912/042712:WARNING:in_range_cast.h(38)] value 2748421643906 out of range
[0912/042712:WARNING:in_range_cast.h(38)] value 2748421643620 out of range
[0912/042712:WARNING:in_range_cast.h(38)] value 2748421643946 out of range
[0912/042712:WARNING:in_range_cast.h(38)] value 2748421638964 out of range
[0912/042712:WARNING:in_range_cast.h(38)] value 2748422117232 out of range
[0912/042930:ERROR:process_info.cc(608)] range at 0xc3ed318200000000, size 0x29f fully unreadable
[0912/042930:ERROR:process_info.cc(608)] range at 0xc3ed31e800000000, size 0x29f fully unreadable
[0912/042930:ERROR:process_info.cc(608)] range at 0x0, size 0x29f fully unreadable
[0912/042930:WARNING:in_range_cast.h(38)] value 2885210152580 out of range
[0912/042930:WARNING:in_range_cast.h(38)] value 2885210152294 out of range
[0912/042930:WARNING:in_range_cast.h(38)] value 2885210152620 out of range
[0912/042930:WARNING:in_range_cast.h(38)] value 2885210147638 out of range
[0912/042930:WARNING:in_range_cast.h(38)] value 2885210616976 out of range
[0912/043231:ERROR:process_info.cc(608)] range at 0x616c318400000000, size 0x207 fully unreadable
[0912/043231:ERROR:process_info.cc(608)] range at 0x616c31ec00000000, size 0x207 fully unreadable
[0912/043231:ERROR:process_info.cc(608)] range at 0x0, size 0x207 fully unreadable
[0912/043231:WARNING:in_range_cast.h(38)] value 2230722502276 out of range
[0912/043231:WARNING:in_range_cast.h(38)] value 2230722501990 out of range
[0912/043231:WARNING:in_range_cast.h(38)] value 2230722502316 out of range
[0912/043231:WARNING:in_range_cast.h(38)] value 2230722497334 out of range
[0912/043231:WARNING:in_range_cast.h(38)] value 2230722966672 out of range
[0912/043255:ERROR:process_info.cc(608)] range at 0xac75318200000000, size 0x20f fully unreadable
[0912/043255:ERROR:process_info.cc(608)] range at 0xac7531ea00000000, size 0x20f fully unreadable
[0912/043255:ERROR:process_info.cc(608)] range at 0x0, size 0x20f fully unreadable
[0912/043255:WARNING:in_range_cast.h(38)] value 2266341121666 out of range
[0912/043255:WARNING:in_range_cast.h(38)] value 2266341121380 out of range
[0912/043255:WARNING:in_range_cast.h(38)] value 2266341121706 out of range
[0912/043255:WARNING:in_range_cast.h(38)] value 2266341116724 out of range
[0912/043255:WARNING:in_range_cast.h(38)] value 2266341584000 out of range
[0912/043304:ERROR:process_info.cc(608)] range at 0x2417318600000000, size 0x294 fully unreadable
[0912/043304:ERROR:process_info.cc(608)] range at 0x241731ee00000000, size 0x294 fully unreadable
[0912/043304:ERROR:process_info.cc(608)] range at 0x0, size 0x294 fully unreadable
[0912/043304:WARNING:in_range_cast.h(38)] value 2835283910274 out of range
[0912/043304:WARNING:in_range_cast.h(38)] value 2835283909988 out of range
[0912/043304:WARNING:in_range_cast.h(38)] value 2835283910314 out of range
[0912/043304:WARNING:in_range_cast.h(38)] value 2835283905332 out of range
[0912/043304:WARNING:in_range_cast.h(38)] value 2835284373424 out of range
[0912/043306:ERROR:process_info.cc(608)] range at 0x3d3f318600000000, size 0x22d fully unreadable
[0912/043306:ERROR:process_info.cc(608)] range at 0x3d3f31ee00000000, size 0x22d fully unreadable
[0912/043306:ERROR:process_info.cc(608)] range at 0x0, size 0x22d fully unreadable
[0912/043306:WARNING:in_range_cast.h(38)] value 2393324330628 out of range
[0912/043306:WARNING:in_range_cast.h(38)] value 2393324330342 out of range
[0912/043306:WARNING:in_range_cast.h(38)] value 2393324330668 out of range
[0912/043306:WARNING:in_range_cast.h(38)] value 2393324325686 out of range
[0912/043306:WARNING:in_range_cast.h(38)] value 2393324794208 out of range
[0912/044231:ERROR:process_info.cc(608)] range at 0xd9ba318200000000, size 0x2b5 fully unreadable
[0912/044231:ERROR:process_info.cc(608)] range at 0xd9ba31ea00000000, size 0x2b5 fully unreadable
[0912/044231:ERROR:process_info.cc(608)] range at 0x0, size 0x2b5 fully unreadable
[0912/044231:WARNING:in_range_cast.h(38)] value 2980065189506 out of range
[0912/044231:WARNING:in_range_cast.h(38)] value 2980065189220 out of range
[0912/044231:WARNING:in_range_cast.h(38)] value 2980065189546 out of range
[0912/044231:WARNING:in_range_cast.h(38)] value 2980065184564 out of range
[0912/044231:WARNING:in_range_cast.h(38)] value 2980065653904 out of range
[0912/044701:ERROR:process_info.cc(608)] range at 0xc07e318200000000, size 0x292 fully unreadable
[0912/044701:ERROR:process_info.cc(608)] range at 0xc07e31ea00000000, size 0x292 fully unreadable
[0912/044701:ERROR:process_info.cc(608)] range at 0x0, size 0x292 fully unreadable
[0912/044702:WARNING:in_range_cast.h(38)] value 2829317971586 out of range
[0912/044702:WARNING:in_range_cast.h(38)] value 2829317971300 out of range
[0912/044702:WARNING:in_range_cast.h(38)] value 2829317971626 out of range
[0912/044702:WARNING:in_range_cast.h(38)] value 2829317966644 out of range
[0912/044702:WARNING:in_range_cast.h(38)] value 2829318433920 out of range
[0912/050014:ERROR:process_info.cc(608)] range at 0x5b72318400000000, size 0x1f9 fully unreadable
[0912/050014:ERROR:process_info.cc(608)] range at 0x5b7231ec00000000, size 0x1f9 fully unreadable
[0912/050014:ERROR:process_info.cc(608)] range at 0x0, size 0x1f9 fully unreadable
[0912/050014:WARNING:in_range_cast.h(38)] value 2170492690052 out of range
[0912/050014:WARNING:in_range_cast.h(38)] value 2170492689766 out of range
[0912/050014:WARNING:in_range_cast.h(38)] value 2170492690092 out of range
[0912/050014:WARNING:in_range_cast.h(38)] value 2170492685110 out of range
[0912/050014:WARNING:in_range_cast.h(38)] value 2170493154448 out of range
[0912/050114:ERROR:process_info.cc(608)] range at 0x1110318000000000, size 0x1c4 fully unreadable
[0912/050114:ERROR:process_info.cc(608)] range at 0x111031e800000000, size 0x1c4 fully unreadable
[0912/050114:ERROR:process_info.cc(608)] range at 0x0, size 0x1c4 fully unreadable
[0912/050114:WARNING:in_range_cast.h(38)] value 1941611486850 out of range
[0912/050114:WARNING:in_range_cast.h(38)] value 1941611486564 out of range
[0912/050114:WARNING:in_range_cast.h(38)] value 1941611486890 out of range
[0912/050114:WARNING:in_range_cast.h(38)] value 1941611481908 out of range
[0912/050114:WARNING:in_range_cast.h(38)] value 1941611951248 out of range
[0912/050529:ERROR:process_info.cc(608)] range at 0xcda0318600000000, size 0x25d fully unreadable
[0912/050529:ERROR:process_info.cc(608)] range at 0xcda031ee00000000, size 0x25d fully unreadable
[0912/050529:ERROR:process_info.cc(608)] range at 0x0, size 0x25d fully unreadable
[0912/050529:WARNING:in_range_cast.h(38)] value 2601905036930 out of range
[0912/050529:WARNING:in_range_cast.h(38)] value 2601905036644 out of range
[0912/050529:WARNING:in_range_cast.h(38)] value 2601905036970 out of range
[0912/050529:WARNING:in_range_cast.h(38)] value 2601905031988 out of range
[0912/050529:WARNING:in_range_cast.h(38)] value 2601905498016 out of range
[0912/050531:ERROR:process_info.cc(608)] range at 0xafa3318000000000, size 0x1e6 fully unreadable
[0912/050531:ERROR:process_info.cc(608)] range at 0xafa331e800000000, size 0x1e6 fully unreadable
[0912/050531:ERROR:process_info.cc(608)] range at 0x0, size 0x1e6 fully unreadable
[0912/050531:WARNING:in_range_cast.h(38)] value 2090300808834 out of range
[0912/050531:WARNING:in_range_cast.h(38)] value 2090300808548 out of range
[0912/050531:WARNING:in_range_cast.h(38)] value 2090300808874 out of range
[0912/050531:WARNING:in_range_cast.h(38)] value 2090300803892 out of range
[0912/050531:WARNING:in_range_cast.h(38)] value 2090301273232 out of range
[0912/050533:ERROR:process_info.cc(608)] range at 0x13f0317e00000000, size 0x295 fully unreadable
[0912/050533:ERROR:process_info.cc(608)] range at 0x13f031e600000000, size 0x295 fully unreadable
[0912/050533:ERROR:process_info.cc(608)] range at 0x0, size 0x295 fully unreadable
[0912/050533:WARNING:in_range_cast.h(38)] value 2839307886210 out of range
[0912/050533:WARNING:in_range_cast.h(38)] value 2839307885924 out of range
[0912/050533:WARNING:in_range_cast.h(38)] value 2839307886250 out of range
[0912/050533:WARNING:in_range_cast.h(38)] value 2839307881268 out of range
[0912/050533:WARNING:in_range_cast.h(38)] value 2839308361088 out of range
[0912/050726:ERROR:process_info.cc(608)] range at 0xa4f32dc800000000, size 0x21a fully unreadable
[0912/050726:ERROR:process_info.cc(608)] range at 0xa4f32de800000000, size 0x21a fully unreadable
[0912/050726:ERROR:process_info.cc(608)] range at 0x0, size 0x21a fully unreadable
[0912/050726:ERROR:process_reader_win.cc(114)] NtOpenThread: {Access Denied} A process has requested access to an object, but has not been granted those access rights.  (0xc0000022)
[0912/050726:ERROR:exception_snapshot_win.cc(88)] thread ID 10956 not found in process
[0912/050726:WARNING:crash_report_exception_handler.cc(60)] ProcessSnapshotWin::InitializeException failed
[0912/050726:ERROR:process_info.cc(608)] range at 0x737a2dce00000000, size 0x1c3 fully unreadable
[0912/050726:ERROR:process_info.cc(608)] range at 0x737a2dee00000000, size 0x1c3 fully unreadable
[0912/050726:ERROR:process_info.cc(608)] range at 0x0, size 0x1c3 fully unreadable
[0912/050726:ERROR:process_reader_win.cc(114)] NtOpenThread: {Access Denied} A process has requested access to an object, but has not been granted those access rights.  (0xc0000022)
[0912/050726:ERROR:exception_snapshot_win.cc(88)] thread ID 7124 not found in process
[0912/050726:WARNING:crash_report_exception_handler.cc(60)] ProcessSnapshotWin::InitializeException failed
[0912/052136:ERROR:process_info.cc(608)] range at 0xe9e1318400000000, size 0x1b7 fully unreadable
[0912/052136:ERROR:process_info.cc(608)] range at 0xe9e131ec00000000, size 0x1b7 fully unreadable
[0912/052136:ERROR:process_info.cc(608)] range at 0x0, size 0x1b7 fully unreadable
[0912/052136:WARNING:in_range_cast.h(38)] value 1889414487682 out of range
[0912/052136:WARNING:in_range_cast.h(38)] value 1889414487396 out of range
[0912/052136:WARNING:in_range_cast.h(38)] value 1889414487722 out of range
[0912/052136:WARNING:in_range_cast.h(38)] value 1889414482740 out of range
[0912/052136:WARNING:in_range_cast.h(38)] value 1889414950016 out of range
[0912/052215:ERROR:process_info.cc(608)] range at 0x2645318000000000, size 0x294 fully unreadable
[0912/052215:ERROR:process_info.cc(608)] range at 0x264531e800000000, size 0x294 fully unreadable
[0912/052215:ERROR:process_info.cc(608)] range at 0x0, size 0x294 fully unreadable
[0912/052215:WARNING:in_range_cast.h(38)] value 2835320479362 out of range
[0912/052215:WARNING:in_range_cast.h(38)] value 2835320479076 out of range
[0912/052215:WARNING:in_range_cast.h(38)] value 2835320479402 out of range
[0912/052215:WARNING:in_range_cast.h(38)] value 2835320474420 out of range
[0912/052215:WARNING:in_range_cast.h(38)] value 2835320941696 out of range
[0912/052252:ERROR:process_info.cc(608)] range at 0x6276318400000000, size 0x268 fully unreadable
[0912/052252:ERROR:process_info.cc(608)] range at 0x627631ec00000000, size 0x268 fully unreadable
[0912/052252:ERROR:process_info.cc(608)] range at 0x0, size 0x268 fully unreadable
[0912/052252:WARNING:in_range_cast.h(38)] value 2647351762562 out of range
[0912/052252:WARNING:in_range_cast.h(38)] value 2647351762276 out of range
[0912/052252:WARNING:in_range_cast.h(38)] value 2647351762602 out of range
[0912/052252:WARNING:in_range_cast.h(38)] value 2647351757620 out of range
[0912/052252:WARNING:in_range_cast.h(38)] value 2647352224896 out of range
[0912/052419:ERROR:process_info.cc(608)] range at 0x9c51318600000000, size 0x261 fully unreadable
[0912/052419:ERROR:process_info.cc(608)] range at 0x9c5131ee00000000, size 0x261 fully unreadable
[0912/052419:ERROR:process_info.cc(608)] range at 0x0, size 0x261 fully unreadable
[0912/052419:WARNING:in_range_cast.h(38)] value 2618257645186 out of range
[0912/052419:WARNING:in_range_cast.h(38)] value 2618257644900 out of range
[0912/052419:WARNING:in_range_cast.h(38)] value 2618257645226 out of range
[0912/052419:WARNING:in_range_cast.h(38)] value 2618257640244 out of range
[0912/052419:WARNING:in_range_cast.h(38)] value 2618258106272 out of range
[0912/052459:ERROR:process_info.cc(608)] range at 0xb1a5318200000000, size 0x1b2 fully unreadable
[0912/052459:ERROR:process_info.cc(608)] range at 0xb1a531ea00000000, size 0x1b2 fully unreadable
[0912/052459:ERROR:process_info.cc(608)] range at 0x0, size 0x1b2 fully unreadable
[0912/052459:WARNING:in_range_cast.h(38)] value 1866996194948 out of range
[0912/052459:WARNING:in_range_cast.h(38)] value 1866996194662 out of range
[0912/052459:WARNING:in_range_cast.h(38)] value 1866996194988 out of range
[0912/052459:WARNING:in_range_cast.h(38)] value 1866996190006 out of range
[0912/052459:WARNING:in_range_cast.h(38)] value 1866996657280 out of range
[0912/053627:ERROR:process_info.cc(608)] range at 0x3de6318800000000, size 0x1c0 fully unreadable
[0912/053627:ERROR:process_info.cc(608)] range at 0x3de631f000000000, size 0x1c0 fully unreadable
[0912/053627:ERROR:process_info.cc(608)] range at 0x0, size 0x1c0 fully unreadable
[0912/053627:WARNING:in_range_cast.h(38)] value 1925183839876 out of range
[0912/053627:WARNING:in_range_cast.h(38)] value 1925183839590 out of range
[0912/053627:WARNING:in_range_cast.h(38)] value 1925183839916 out of range
[0912/053627:WARNING:in_range_cast.h(38)] value 1925183834934 out of range
[0912/053627:WARNING:in_range_cast.h(38)] value 1925184297952 out of range
[0912/053628:ERROR:process_info.cc(608)] range at 0x3d79318000000000, size 0x181 fully unreadable
[0912/053628:ERROR:process_info.cc(608)] range at 0x3d7931e800000000, size 0x181 fully unreadable
[0912/053628:ERROR:process_info.cc(608)] range at 0x0, size 0x181 fully unreadable
[0912/053628:WARNING:in_range_cast.h(38)] value 1654593756804 out of range
[0912/053628:WARNING:in_range_cast.h(38)] value 1654593756518 out of range
[0912/053628:WARNING:in_range_cast.h(38)] value 1654593756844 out of range
[0912/053628:WARNING:in_range_cast.h(38)] value 1654593751862 out of range
[0912/053628:WARNING:in_range_cast.h(38)] value 1654594219136 out of range
[0912/053630:ERROR:process_info.cc(608)] range at 0x3ad5317e00000000, size 0x178 fully unreadable
[0912/053630:ERROR:process_info.cc(608)] range at 0x3ad531e400000000, size 0x178 fully unreadable
[0912/053630:ERROR:process_info.cc(608)] range at 0x0, size 0x178 fully unreadable
[0912/053630:WARNING:in_range_cast.h(38)] value 1615894748804 out of range
[0912/053630:WARNING:in_range_cast.h(38)] value 1615894748518 out of range
[0912/053630:WARNING:in_range_cast.h(38)] value 1615894748844 out of range
[0912/053630:WARNING:in_range_cast.h(38)] value 1615894743862 out of range
[0912/053630:WARNING:in_range_cast.h(38)] value 1615895221632 out of range
[0912/053632:ERROR:process_info.cc(608)] range at 0xc63a318000000000, size 0x1b0 fully unreadable
[0912/053632:ERROR:process_info.cc(608)] range at 0xc63a31e800000000, size 0x1b0 fully unreadable
[0912/053632:ERROR:process_info.cc(608)] range at 0x0, size 0x1b0 fully unreadable
[0912/053632:WARNING:in_range_cast.h(38)] value 1858751569538 out of range
[0912/053632:WARNING:in_range_cast.h(38)] value 1858751569252 out of range
[0912/053632:WARNING:in_range_cast.h(38)] value 1858751569578 out of range
[0912/053632:WARNING:in_range_cast.h(38)] value 1858751564596 out of range
[0912/053632:WARNING:in_range_cast.h(38)] value 1858752031872 out of range
[0912/053634:ERROR:process_info.cc(608)] range at 0x40e318200000000, size 0x1e7 fully unreadable
[0912/053634:ERROR:process_info.cc(608)] range at 0x40e31ea00000000, size 0x1e7 fully unreadable
[0912/053634:ERROR:process_info.cc(608)] range at 0x0, size 0x1e7 fully unreadable
[0912/053634:WARNING:in_range_cast.h(38)] value 2091717107330 out of range
[0912/053634:WARNING:in_range_cast.h(38)] value 2091717107044 out of range
[0912/053634:WARNING:in_range_cast.h(38)] value 2091717107370 out of range
[0912/053634:WARNING:in_range_cast.h(38)] value 2091717102388 out of range
[0912/053634:WARNING:in_range_cast.h(38)] value 2091717569664 out of range
[0912/053639:ERROR:process_info.cc(608)] range at 0x8340318200000000, size 0x20b fully unreadable
[0912/053639:ERROR:process_info.cc(608)] range at 0x834031ea00000000, size 0x20b fully unreadable
[0912/053639:ERROR:process_info.cc(608)] range at 0x0, size 0x20b fully unreadable
[0912/053639:WARNING:in_range_cast.h(38)] value 2248469913218 out of range
[0912/053639:WARNING:in_range_cast.h(38)] value 2248469912932 out of range
[0912/053639:WARNING:in_range_cast.h(38)] value 2248469913258 out of range
[0912/053639:WARNING:in_range_cast.h(38)] value 2248469908276 out of range
[0912/053639:WARNING:in_range_cast.h(38)] value 2248470378176 out of range
[0912/053736:ERROR:process_info.cc(608)] range at 0xde47318000000000, size 0x12a fully unreadable
[0912/053736:ERROR:process_info.cc(608)] range at 0xde4731e400000000, size 0x12a fully unreadable
[0912/053736:ERROR:process_info.cc(608)] range at 0x0, size 0x12a fully unreadable
[0912/053736:WARNING:in_range_cast.h(38)] value 1283629457028 out of range
[0912/053736:WARNING:in_range_cast.h(38)] value 1283629456742 out of range
[0912/053736:WARNING:in_range_cast.h(38)] value 1283629457068 out of range
[0912/053736:WARNING:in_range_cast.h(38)] value 1283629452086 out of range
[0912/053736:WARNING:in_range_cast.h(38)] value 1283629929856 out of range
[0912/053756:ERROR:process_info.cc(608)] range at 0x5507318400000000, size 0x1cf fully unreadable
[0912/053756:ERROR:process_info.cc(608)] range at 0x550731ec00000000, size 0x1cf fully unreadable
[0912/053756:ERROR:process_info.cc(608)] range at 0x0, size 0x1cf fully unreadable
[0912/053756:WARNING:in_range_cast.h(38)] value 1989996387972 out of range
[0912/053756:WARNING:in_range_cast.h(38)] value 1989996387686 out of range
[0912/053756:WARNING:in_range_cast.h(38)] value 1989996388012 out of range
[0912/053756:WARNING:in_range_cast.h(38)] value 1989996383030 out of range
[0912/053756:WARNING:in_range_cast.h(38)] value 1989996850304 out of range
[0912/053825:ERROR:process_info.cc(608)] range at 0x8c50317e00000000, size 0x219 fully unreadable
[0912/053825:ERROR:process_info.cc(608)] range at 0x8c5031e400000000, size 0x219 fully unreadable
[0912/053825:ERROR:process_info.cc(608)] range at 0x0, size 0x219 fully unreadable
[0912/053825:WARNING:in_range_cast.h(38)] value 2308751498882 out of range
[0912/053825:WARNING:in_range_cast.h(38)] value 2308751498596 out of range
[0912/053825:WARNING:in_range_cast.h(38)] value 2308751498922 out of range
[0912/053825:WARNING:in_range_cast.h(38)] value 2308751493940 out of range
[0912/053825:WARNING:in_range_cast.h(38)] value 2308751974592 out of range
[0912/053842:ERROR:process_info.cc(608)] range at 0xf6e9318200000000, size 0x231 fully unreadable
[0912/053842:ERROR:process_info.cc(608)] range at 0xf6e931ea00000000, size 0x231 fully unreadable
[0912/053842:ERROR:process_info.cc(608)] range at 0x0, size 0x231 fully unreadable
[0912/053842:WARNING:in_range_cast.h(38)] value 2413619125892 out of range
[0912/053842:WARNING:in_range_cast.h(38)] value 2413619125606 out of range
[0912/053842:WARNING:in_range_cast.h(38)] value 2413619125932 out of range
[0912/053842:WARNING:in_range_cast.h(38)] value 2413619120950 out of range
[0912/053842:WARNING:in_range_cast.h(38)] value 2413619588224 out of range
[0912/053844:ERROR:process_info.cc(608)] range at 0xfa38318200000000, size 0x197 fully unreadable
[0912/053844:ERROR:process_info.cc(608)] range at 0xfa3831ea00000000, size 0x197 fully unreadable
[0912/053844:ERROR:process_info.cc(608)] range at 0x0, size 0x197 fully unreadable
[0912/053844:WARNING:in_range_cast.h(38)] value 1752249671300 out of range
[0912/053844:WARNING:in_range_cast.h(38)] value 1752249671014 out of range
[0912/053844:WARNING:in_range_cast.h(38)] value 1752249671340 out of range
[0912/053844:WARNING:in_range_cast.h(38)] value 1752249666358 out of range
[0912/053844:WARNING:in_range_cast.h(38)] value 1752250135696 out of range
[0912/054005:ERROR:process_info.cc(608)] range at 0x6e41318200000000, size 0x169 fully unreadable
[0912/054005:ERROR:process_info.cc(608)] range at 0x6e4131e800000000, size 0x169 fully unreadable
[0912/054005:ERROR:process_info.cc(608)] range at 0x0, size 0x169 fully unreadable
[0912/054005:WARNING:in_range_cast.h(38)] value 1552332955268 out of range
[0912/054005:WARNING:in_range_cast.h(38)] value 1552332954982 out of range
[0912/054005:WARNING:in_range_cast.h(38)] value 1552332955308 out of range
[0912/054005:WARNING:in_range_cast.h(38)] value 1552332950326 out of range
[0912/054005:WARNING:in_range_cast.h(38)] value 1552333417600 out of range
[0912/054035:ERROR:process_info.cc(608)] range at 0xbade318200000000, size 0x1f6 fully unreadable
[0912/054035:ERROR:process_info.cc(608)] range at 0xbade31ea00000000, size 0x1f6 fully unreadable
[0912/054035:ERROR:process_info.cc(608)] range at 0x0, size 0x1f6 fully unreadable
[0912/054035:WARNING:in_range_cast.h(38)] value 2159208701572 out of range
[0912/054035:WARNING:in_range_cast.h(38)] value 2159208701286 out of range
[0912/054035:WARNING:in_range_cast.h(38)] value 2159208701612 out of range
[0912/054035:WARNING:in_range_cast.h(38)] value 2159208696630 out of range
[0912/054035:WARNING:in_range_cast.h(38)] value 2159209163904 out of range
[0912/054211:ERROR:process_info.cc(608)] range at 0x910b318400000000, size 0x27c fully unreadable
[0912/054211:ERROR:process_info.cc(608)] range at 0x910b31ea00000000, size 0x27c fully unreadable
[0912/054211:ERROR:process_info.cc(608)] range at 0x0, size 0x27c fully unreadable
[0912/054211:WARNING:in_range_cast.h(38)] value 2734032625284 out of range
[0912/054211:WARNING:in_range_cast.h(38)] value 2734032624998 out of range
[0912/054211:WARNING:in_range_cast.h(38)] value 2734032625324 out of range
[0912/054211:WARNING:in_range_cast.h(38)] value 2734032620342 out of range
[0912/054211:WARNING:in_range_cast.h(38)] value 2734033089680 out of range
[0912/054215:ERROR:process_info.cc(608)] range at 0xd62c318400000000, size 0x147 fully unreadable
[0912/054215:ERROR:process_info.cc(608)] range at 0xd62c31ec00000000, size 0x147 fully unreadable
[0912/054215:ERROR:process_info.cc(608)] range at 0x0, size 0x147 fully unreadable
[0912/054215:WARNING:in_range_cast.h(38)] value 1408047521410 out of range
[0912/054215:WARNING:in_range_cast.h(38)] value 1408047521124 out of range
[0912/054215:WARNING:in_range_cast.h(38)] value 1408047521450 out of range
[0912/054215:WARNING:in_range_cast.h(38)] value 1408047516468 out of range
[0912/054215:WARNING:in_range_cast.h(38)] value 1408047983744 out of range
[0912/054416:ERROR:process_info.cc(608)] range at 0xc980317c00000000, size 0x206 fully unreadable
[0912/054416:ERROR:process_info.cc(608)] range at 0xc98031e200000000, size 0x206 fully unreadable
[0912/054416:ERROR:process_info.cc(608)] range at 0x0, size 0x206 fully unreadable
[0912/054416:WARNING:in_range_cast.h(38)] value 2228173676162 out of range
[0912/054416:WARNING:in_range_cast.h(38)] value 2228173675876 out of range
[0912/054416:WARNING:in_range_cast.h(38)] value 2228173676202 out of range
[0912/054416:WARNING:in_range_cast.h(38)] value 2228173671220 out of range
[0912/054416:WARNING:in_range_cast.h(38)] value 2228174149488 out of range
[0912/054442:ERROR:process_info.cc(608)] range at 0x9b3d318200000000, size 0x208 fully unreadable
[0912/054442:ERROR:process_info.cc(608)] range at 0x9b3d31e800000000, size 0x208 fully unreadable
[0912/054442:ERROR:process_info.cc(608)] range at 0x0, size 0x208 fully unreadable
[0912/054442:WARNING:in_range_cast.h(38)] value 2235987467908 out of range
[0912/054442:WARNING:in_range_cast.h(38)] value 2235987467622 out of range
[0912/054442:WARNING:in_range_cast.h(38)] value 2235987467948 out of range
[0912/054442:WARNING:in_range_cast.h(38)] value 2235987462966 out of range
[0912/054442:WARNING:in_range_cast.h(38)] value 2235987933344 out of range
[0912/055533:ERROR:process_info.cc(608)] range at 0xb725318200000000, size 0x1ff fully unreadable
[0912/055533:ERROR:process_info.cc(608)] range at 0xb72531ea00000000, size 0x1ff fully unreadable
[0912/055533:ERROR:process_info.cc(608)] range at 0x0, size 0x1ff fully unreadable
[0912/055533:WARNING:in_range_cast.h(38)] value 2197800951428 out of range
[0912/055533:WARNING:in_range_cast.h(38)] value 2197800951142 out of range
[0912/055533:WARNING:in_range_cast.h(38)] value 2197800951468 out of range
[0912/055533:WARNING:in_range_cast.h(38)] value 2197800946486 out of range
[0912/055533:WARNING:in_range_cast.h(38)] value 2197801415824 out of range
[0912/055534:ERROR:process_info.cc(608)] range at 0xe7a318000000000, size 0x245 fully unreadable
[0912/055534:ERROR:process_info.cc(608)] range at 0xe7a31e800000000, size 0x245 fully unreadable
[0912/055534:ERROR:process_info.cc(608)] range at 0x0, size 0x245 fully unreadable
[0912/055534:WARNING:in_range_cast.h(38)] value 2495618883202 out of range
[0912/055534:WARNING:in_range_cast.h(38)] value 2495618882916 out of range
[0912/055534:WARNING:in_range_cast.h(38)] value 2495618883242 out of range
[0912/055534:WARNING:in_range_cast.h(38)] value 2495618878260 out of range
[0912/055534:WARNING:in_range_cast.h(38)] value 2495619347600 out of range
[0912/055534:ERROR:process_info.cc(608)] range at 0x8fd3317e00000000, size 0x201 fully unreadable
[0912/055534:ERROR:process_info.cc(608)] range at 0x8fd331e600000000, size 0x201 fully unreadable
[0912/055534:ERROR:process_info.cc(608)] range at 0x0, size 0x201 fully unreadable
[0912/055534:WARNING:in_range_cast.h(38)] value 2205731200644 out of range
[0912/055534:WARNING:in_range_cast.h(38)] value 2205731200358 out of range
[0912/055534:WARNING:in_range_cast.h(38)] value 2205731200684 out of range
[0912/055534:WARNING:in_range_cast.h(38)] value 2205731195702 out of range
[0912/055534:WARNING:in_range_cast.h(38)] value 2205731674032 out of range
[0912/055539:ERROR:process_info.cc(608)] range at 0x5202318000000000, size 0x23f fully unreadable
[0912/055539:ERROR:process_info.cc(608)] range at 0x520231e800000000, size 0x23f fully unreadable
[0912/055539:ERROR:process_info.cc(608)] range at 0x0, size 0x23f fully unreadable
[0912/055539:WARNING:in_range_cast.h(38)] value 2470982065794 out of range
[0912/055539:WARNING:in_range_cast.h(38)] value 2470982065508 out of range
[0912/055539:WARNING:in_range_cast.h(38)] value 2470982065834 out of range
[0912/055539:WARNING:in_range_cast.h(38)] value 2470982060852 out of range
[0912/055539:WARNING:in_range_cast.h(38)] value 2470982528128 out of range
[0912/055545:ERROR:process_info.cc(608)] range at 0x65fb318200000000, size 0x146 fully unreadable
[0912/055545:ERROR:process_info.cc(608)] range at 0x65fb31ea00000000, size 0x146 fully unreadable
[0912/055545:ERROR:process_info.cc(608)] range at 0x0, size 0x146 fully unreadable
[0912/055545:WARNING:in_range_cast.h(38)] value 1401870294660 out of range
[0912/055545:WARNING:in_range_cast.h(38)] value 1401870294374 out of range
[0912/055545:WARNING:in_range_cast.h(38)] value 1401870294700 out of range
[0912/055545:WARNING:in_range_cast.h(38)] value 1401870289718 out of range
[0912/055545:WARNING:in_range_cast.h(38)] value 1401870756992 out of range
[0912/055546:ERROR:process_info.cc(608)] range at 0x9814318600000000, size 0x154 fully unreadable
[0912/055546:ERROR:process_info.cc(608)] range at 0x981431ee00000000, size 0x154 fully unreadable
[0912/055546:ERROR:process_info.cc(608)] range at 0x0, size 0x154 fully unreadable
[0912/055546:WARNING:in_range_cast.h(38)] value 1462840336002 out of range
[0912/055546:WARNING:in_range_cast.h(38)] value 1462840335716 out of range
[0912/055546:WARNING:in_range_cast.h(38)] value 1462840336042 out of range
[0912/055546:WARNING:in_range_cast.h(38)] value 1462840331060 out of range
[0912/055546:WARNING:in_range_cast.h(38)] value 1462840797088 out of range
[0912/055548:ERROR:process_info.cc(608)] range at 0x9e94318200000000, size 0x278 fully unreadable
[0912/055548:ERROR:process_info.cc(608)] range at 0x9e9431ea00000000, size 0x278 fully unreadable
[0912/055548:ERROR:process_info.cc(608)] range at 0x0, size 0x278 fully unreadable
[0912/055548:WARNING:in_range_cast.h(38)] value 2717079838338 out of range
[0912/055548:WARNING:in_range_cast.h(38)] value 2717079838052 out of range
[0912/055548:WARNING:in_range_cast.h(38)] value 2717079838378 out of range
[0912/055548:WARNING:in_range_cast.h(38)] value 2717079833396 out of range
[0912/055548:WARNING:in_range_cast.h(38)] value 2717080302736 out of range
[0912/055549:ERROR:process_info.cc(608)] range at 0x9c20318200000000, size 0x1ee fully unreadable
[0912/055549:ERROR:process_info.cc(608)] range at 0x9c2031ea00000000, size 0x1ee fully unreadable
[0912/055549:ERROR:process_info.cc(608)] range at 0x0, size 0x1ee fully unreadable
[0912/055549:WARNING:in_range_cast.h(38)] value 2124333194882 out of range
[0912/055549:WARNING:in_range_cast.h(38)] value 2124333194596 out of range
[0912/055549:WARNING:in_range_cast.h(38)] value 2124333194922 out of range
[0912/055549:WARNING:in_range_cast.h(38)] value 2124333189940 out of range
[0912/055549:WARNING:in_range_cast.h(38)] value 2124333659280 out of range
[0912/060803:ERROR:process_info.cc(608)] range at 0xbf62318400000000, size 0x223 fully unreadable
[0912/060803:ERROR:process_info.cc(608)] range at 0xbf6231ec00000000, size 0x223 fully unreadable
[0912/060803:ERROR:process_info.cc(608)] range at 0x0, size 0x223 fully unreadable
[0912/060803:WARNING:in_range_cast.h(38)] value 2352557989508 out of range
[0912/060803:WARNING:in_range_cast.h(38)] value 2352557989222 out of range
[0912/060803:WARNING:in_range_cast.h(38)] value 2352557989548 out of range
[0912/060803:WARNING:in_range_cast.h(38)] value 2352557984566 out of range
[0912/060803:WARNING:in_range_cast.h(38)] value 2352558451840 out of range
[0912/061406:ERROR:process_info.cc(608)] range at 0x134f318200000000, size 0x1c0 fully unreadable
[0912/061406:ERROR:process_info.cc(608)] range at 0x134f31ea00000000, size 0x1c0 fully unreadable
[0912/061406:ERROR:process_info.cc(608)] range at 0x0, size 0x1c0 fully unreadable
[0912/061407:WARNING:in_range_cast.h(38)] value 1924469300868 out of range
[0912/061407:WARNING:in_range_cast.h(38)] value 1924469300582 out of range
[0912/061407:WARNING:in_range_cast.h(38)] value 1924469300908 out of range
[0912/061407:WARNING:in_range_cast.h(38)] value 1924469295926 out of range
[0912/061407:WARNING:in_range_cast.h(38)] value 1924469765264 out of range
[0912/061411:ERROR:process_info.cc(608)] range at 0xbe71318600000000, size 0x2b7 fully unreadable
[0912/061411:ERROR:process_info.cc(608)] range at 0xbe7131ee00000000, size 0x2b7 fully unreadable
[0912/061411:ERROR:process_info.cc(608)] range at 0x0, size 0x2b7 fully unreadable
[0912/061411:WARNING:in_range_cast.h(38)] value 2988197355140 out of range
[0912/061411:WARNING:in_range_cast.h(38)] value 2988197354854 out of range
[0912/061411:WARNING:in_range_cast.h(38)] value 2988197355180 out of range
[0912/061411:WARNING:in_range_cast.h(38)] value 2988197350198 out of range
[0912/061411:WARNING:in_range_cast.h(38)] value 2988197820448 out of range
[0912/061413:ERROR:process_info.cc(608)] range at 0x7feb318200000000, size 0x2a0 fully unreadable
[0912/061413:ERROR:process_info.cc(608)] range at 0x7feb31e800000000, size 0x2a0 fully unreadable
[0912/061413:ERROR:process_info.cc(608)] range at 0x0, size 0x2a0 fully unreadable
[0912/061413:WARNING:in_range_cast.h(38)] value 2888364138114 out of range
[0912/061413:WARNING:in_range_cast.h(38)] value 2888364137828 out of range
[0912/061413:WARNING:in_range_cast.h(38)] value 2888364138154 out of range
[0912/061413:WARNING:in_range_cast.h(38)] value 2888364133172 out of range
[0912/061413:WARNING:in_range_cast.h(38)] value 2888364602592 out of range
[0912/061414:ERROR:process_info.cc(608)] range at 0x8166317e00000000, size 0x249 fully unreadable
[0912/061414:ERROR:process_info.cc(608)] range at 0x816631e600000000, size 0x249 fully unreadable
[0912/061414:ERROR:process_info.cc(608)] range at 0x0, size 0x249 fully unreadable
[0912/061414:WARNING:in_range_cast.h(38)] value 2514726821508 out of range
[0912/061414:WARNING:in_range_cast.h(38)] value 2514726821222 out of range
[0912/061414:WARNING:in_range_cast.h(38)] value 2514726821548 out of range
[0912/061414:WARNING:in_range_cast.h(38)] value 2514726816566 out of range
[0912/061414:WARNING:in_range_cast.h(38)] value 2514727297136 out of range
[0912/061420:ERROR:process_info.cc(608)] range at 0x6cc3318400000000, size 0x1bc fully unreadable
[0912/061420:ERROR:process_info.cc(608)] range at 0x6cc331ec00000000, size 0x1bc fully unreadable
[0912/061420:ERROR:process_info.cc(608)] range at 0x0, size 0x1bc fully unreadable
[0912/061420:WARNING:in_range_cast.h(38)] value 1908790206084 out of range
[0912/061420:WARNING:in_range_cast.h(38)] value 1908790205798 out of range
[0912/061420:WARNING:in_range_cast.h(38)] value 1908790206124 out of range
[0912/061420:WARNING:in_range_cast.h(38)] value 1908790201142 out of range
[0912/061420:WARNING:in_range_cast.h(38)] value 1908790668416 out of range
[0912/061424:ERROR:process_info.cc(608)] range at 0xd10e318400000000, size 0x241 fully unreadable
[0912/061424:ERROR:process_info.cc(608)] range at 0xd10e31ec00000000, size 0x241 fully unreadable
[0912/061424:ERROR:process_info.cc(608)] range at 0x0, size 0x241 fully unreadable
[0912/061424:WARNING:in_range_cast.h(38)] value 2481703493252 out of range
[0912/061424:WARNING:in_range_cast.h(38)] value 2481703492966 out of range
[0912/061424:WARNING:in_range_cast.h(38)] value 2481703493292 out of range
[0912/061424:WARNING:in_range_cast.h(38)] value 2481703488310 out of range
[0912/061424:WARNING:in_range_cast.h(38)] value 2481703955584 out of range
[0912/061425:ERROR:process_info.cc(608)] range at 0x67c9317600000000, size 0x1eb fully unreadable
[0912/061425:ERROR:process_info.cc(608)] range at 0x67c931de00000000, size 0x1eb fully unreadable
[0912/061425:ERROR:process_info.cc(608)] range at 0x0, size 0x1eb fully unreadable
[0912/061425:WARNING:in_range_cast.h(38)] value 2110570176132 out of range
[0912/061425:WARNING:in_range_cast.h(38)] value 2110570175846 out of range
[0912/061425:WARNING:in_range_cast.h(38)] value 2110570176172 out of range
[0912/061425:WARNING:in_range_cast.h(38)] value 2110570171190 out of range
[0912/061425:WARNING:in_range_cast.h(38)] value 2110570649152 out of range
[0912/061427:ERROR:process_info.cc(608)] range at 0x8a09318600000000, size 0x156 fully unreadable
[0912/061427:ERROR:process_info.cc(608)] range at 0x8a0931ee00000000, size 0x156 fully unreadable
[0912/061427:ERROR:process_info.cc(608)] range at 0x0, size 0x156 fully unreadable
[0912/061427:WARNING:in_range_cast.h(38)] value 1471194668676 out of range
[0912/061427:WARNING:in_range_cast.h(38)] value 1471194668390 out of range
[0912/061427:WARNING:in_range_cast.h(38)] value 1471194668716 out of range
[0912/061427:WARNING:in_range_cast.h(38)] value 1471194663734 out of range
[0912/061427:WARNING:in_range_cast.h(38)] value 1471195128816 out of range
[0912/061428:ERROR:process_info.cc(608)] range at 0xd761317e00000000, size 0x185 fully unreadable
[0912/061428:ERROR:process_info.cc(608)] range at 0xd76131e600000000, size 0x185 fully unreadable
[0912/061428:ERROR:process_info.cc(608)] range at 0x0, size 0x185 fully unreadable
[0912/061428:WARNING:in_range_cast.h(38)] value 1674355744388 out of range
[0912/061428:WARNING:in_range_cast.h(38)] value 1674355744102 out of range
[0912/061428:WARNING:in_range_cast.h(38)] value 1674355744428 out of range
[0912/061428:WARNING:in_range_cast.h(38)] value 1674355739446 out of range
[0912/061428:WARNING:in_range_cast.h(38)] value 1674356219264 out of range
[0912/061429:ERROR:process_info.cc(608)] range at 0xa0c7318400000000, size 0x2ae fully unreadable
[0912/061429:ERROR:process_info.cc(608)] range at 0xa0c731ea00000000, size 0x2ae fully unreadable
[0912/061429:ERROR:process_info.cc(608)] range at 0x0, size 0x2ae fully unreadable
[0912/061429:WARNING:in_range_cast.h(38)] value 2949044969090 out of range
[0912/061429:WARNING:in_range_cast.h(38)] value 2949044968804 out of range
[0912/061429:WARNING:in_range_cast.h(38)] value 2949044969130 out of range
[0912/061429:WARNING:in_range_cast.h(38)] value 2949044964148 out of range
[0912/061429:WARNING:in_range_cast.h(38)] value 2949045431424 out of range
[0912/061431:ERROR:process_info.cc(608)] range at 0x8930318400000000, size 0x1b9 fully unreadable
[0912/061431:ERROR:process_info.cc(608)] range at 0x893031ec00000000, size 0x1b9 fully unreadable
[0912/061431:ERROR:process_info.cc(608)] range at 0x0, size 0x1b9 fully unreadable
[0912/061431:WARNING:in_range_cast.h(38)] value 1896382209668 out of range
[0912/061431:WARNING:in_range_cast.h(38)] value 1896382209382 out of range
[0912/061431:WARNING:in_range_cast.h(38)] value 1896382209708 out of range
[0912/061431:WARNING:in_range_cast.h(38)] value 1896382204726 out of range
[0912/061431:WARNING:in_range_cast.h(38)] value 1896382675584 out of range
[0912/061432:ERROR:process_info.cc(608)] range at 0x7d4b318200000000, size 0x1b5 fully unreadable
[0912/061432:ERROR:process_info.cc(608)] range at 0x7d4b31ea00000000, size 0x1b5 fully unreadable
[0912/061432:ERROR:process_info.cc(608)] range at 0x0, size 0x1b5 fully unreadable
[0912/061432:WARNING:in_range_cast.h(38)] value 1879002783364 out of range
[0912/061432:WARNING:in_range_cast.h(38)] value 1879002783078 out of range
[0912/061432:WARNING:in_range_cast.h(38)] value 1879002783404 out of range
[0912/061432:WARNING:in_range_cast.h(38)] value 1879002778422 out of range
[0912/061432:WARNING:in_range_cast.h(38)] value 1879003245696 out of range
[0912/062651:ERROR:process_info.cc(608)] range at 0xc929318200000000, size 0x1f1 fully unreadable
[0912/062651:ERROR:process_info.cc(608)] range at 0xc92931ea00000000, size 0x1f1 fully unreadable
[0912/062651:ERROR:process_info.cc(608)] range at 0x0, size 0x1f1 fully unreadable
[0912/062651:WARNING:in_range_cast.h(38)] value 2137973661316 out of range
[0912/062651:WARNING:in_range_cast.h(38)] value 2137973661030 out of range
[0912/062651:WARNING:in_range_cast.h(38)] value 2137973661356 out of range
[0912/062651:WARNING:in_range_cast.h(38)] value 2137973656374 out of range
[0912/062651:WARNING:in_range_cast.h(38)] value 2137974127232 out of range
[0912/062659:ERROR:process_info.cc(608)] range at 0x6039317e00000000, size 0x196 fully unreadable
[0912/062659:ERROR:process_info.cc(608)] range at 0x603931e600000000, size 0x196 fully unreadable
[0912/062659:ERROR:process_info.cc(608)] range at 0x0, size 0x196 fully unreadable
[0912/062659:WARNING:in_range_cast.h(38)] value 1745371078276 out of range
[0912/062659:WARNING:in_range_cast.h(38)] value 1745371077990 out of range
[0912/062659:WARNING:in_range_cast.h(38)] value 1745371078316 out of range
[0912/062659:WARNING:in_range_cast.h(38)] value 1745371073334 out of range
[0912/062659:WARNING:in_range_cast.h(38)] value 1745371553152 out of range
[0912/062659:ERROR:process_info.cc(608)] range at 0xd096318800000000, size 0x2b5 fully unreadable
[0912/062659:ERROR:process_info.cc(608)] range at 0xd09631f000000000, size 0x2b5 fully unreadable
[0912/062659:ERROR:process_info.cc(608)] range at 0x0, size 0x2b5 fully unreadable
[0912/062700:WARNING:in_range_cast.h(38)] value 2979911835266 out of range
[0912/062700:WARNING:in_range_cast.h(38)] value 2979911834980 out of range
[0912/062700:WARNING:in_range_cast.h(38)] value 2979911835306 out of range
[0912/062700:WARNING:in_range_cast.h(38)] value 2979911830324 out of range
[0912/062700:WARNING:in_range_cast.h(38)] value 2979912298416 out of range
[0912/062702:ERROR:process_info.cc(608)] range at 0x1c2a318600000000, size 0x1c5 fully unreadable
[0912/062702:ERROR:process_info.cc(608)] range at 0x1c2a31ee00000000, size 0x1c5 fully unreadable
[0912/062702:ERROR:process_info.cc(608)] range at 0x0, size 0x1c5 fully unreadable
[0912/062702:WARNING:in_range_cast.h(38)] value 1946092707460 out of range
[0912/062702:WARNING:in_range_cast.h(38)] value 1946092707174 out of range
[0912/062702:WARNING:in_range_cast.h(38)] value 1946092707500 out of range
[0912/062702:WARNING:in_range_cast.h(38)] value 1946092702518 out of range
[0912/062702:WARNING:in_range_cast.h(38)] value 1946093165536 out of range
[0912/062706:ERROR:process_info.cc(608)] range at 0x9b5c318600000000, size 0x224 fully unreadable
[0912/062706:ERROR:process_info.cc(608)] range at 0x9b5c31ee00000000, size 0x224 fully unreadable
[0912/062706:ERROR:process_info.cc(608)] range at 0x0, size 0x224 fully unreadable
[0912/062706:WARNING:in_range_cast.h(38)] value 2356248583812 out of range
[0912/062706:WARNING:in_range_cast.h(38)] value 2356248583526 out of range
[0912/062706:WARNING:in_range_cast.h(38)] value 2356248583852 out of range
[0912/062706:WARNING:in_range_cast.h(38)] value 2356248578870 out of range
[0912/062706:WARNING:in_range_cast.h(38)] value 2356249041888 out of range
[0912/065908:ERROR:process_info.cc(608)] range at 0x2401318200000000, size 0x1f4 fully unreadable
[0912/065908:ERROR:process_info.cc(608)] range at 0x240131ea00000000, size 0x1f4 fully unreadable
[0912/065908:ERROR:process_info.cc(608)] range at 0x0, size 0x1f4 fully unreadable
[0912/065908:WARNING:in_range_cast.h(38)] value 2148087701124 out of range
[0912/065908:WARNING:in_range_cast.h(38)] value 2148087700838 out of range
[0912/065908:WARNING:in_range_cast.h(38)] value 2148087701164 out of range
[0912/065908:WARNING:in_range_cast.h(38)] value 2148087696182 out of range
[0912/065908:WARNING:in_range_cast.h(38)] value 2148088167520 out of range
[0912/065911:ERROR:process_info.cc(608)] range at 0xac08317c00000000, size 0x214 fully unreadable
[0912/065911:ERROR:process_info.cc(608)] range at 0xac0831e200000000, size 0x214 fully unreadable
[0912/065911:ERROR:process_info.cc(608)] range at 0x0, size 0x214 fully unreadable
[0912/065911:WARNING:in_range_cast.h(38)] value 2287808814724 out of range
[0912/065911:WARNING:in_range_cast.h(38)] value 2287808814438 out of range
[0912/065911:WARNING:in_range_cast.h(38)] value 2287808814764 out of range
[0912/065911:WARNING:in_range_cast.h(38)] value 2287808809782 out of range
[0912/065911:WARNING:in_range_cast.h(38)] value 2287809294784 out of range
[0912/065916:ERROR:process_info.cc(608)] range at 0x34dd317c00000000, size 0x1a4 fully unreadable
[0912/065916:ERROR:process_info.cc(608)] range at 0x34dd31e400000000, size 0x1a4 fully unreadable
[0912/065916:ERROR:process_info.cc(608)] range at 0x0, size 0x1a4 fully unreadable
[0912/065916:WARNING:in_range_cast.h(38)] value 1804773170818 out of range
[0912/065916:WARNING:in_range_cast.h(38)] value 1804773170532 out of range
[0912/065916:WARNING:in_range_cast.h(38)] value 1804773170858 out of range
[0912/065916:WARNING:in_range_cast.h(38)] value 1804773165876 out of range
[0912/065916:WARNING:in_range_cast.h(38)] value 1804773651376 out of range
[0912/070003:ERROR:process_info.cc(608)] range at 0x128f318400000000, size 0x18a fully unreadable
[0912/070003:ERROR:process_info.cc(608)] range at 0x128f31ec00000000, size 0x18a fully unreadable
[0912/070003:ERROR:process_info.cc(608)] range at 0x0, size 0x18a fully unreadable
[0912/070004:WARNING:in_range_cast.h(38)] value 1692528483970 out of range
[0912/070004:WARNING:in_range_cast.h(38)] value 1692528483684 out of range
[0912/070004:WARNING:in_range_cast.h(38)] value 1692528484010 out of range
[0912/070004:WARNING:in_range_cast.h(38)] value 1692528479028 out of range
[0912/070004:WARNING:in_range_cast.h(38)] value 1692528948368 out of range
[0912/070005:ERROR:process_info.cc(608)] range at 0xaad5318400000000, size 0x20a fully unreadable
[0912/070005:ERROR:process_info.cc(608)] range at 0xaad531ec00000000, size 0x20a fully unreadable
[0912/070005:ERROR:process_info.cc(608)] range at 0x0, size 0x20a fully unreadable
[0912/070005:WARNING:in_range_cast.h(38)] value 2244839022210 out of range
[0912/070005:WARNING:in_range_cast.h(38)] value 2244839021924 out of range
[0912/070005:WARNING:in_range_cast.h(38)] value 2244839022250 out of range
[0912/070005:WARNING:in_range_cast.h(38)] value 2244839017268 out of range
[0912/070005:WARNING:in_range_cast.h(38)] value 2244839486608 out of range
[0912/070006:ERROR:process_info.cc(608)] range at 0xdff9318600000000, size 0x23a fully unreadable
[0912/070006:ERROR:process_info.cc(608)] range at 0xdff931ee00000000, size 0x23a fully unreadable
[0912/070006:ERROR:process_info.cc(608)] range at 0x0, size 0x23a fully unreadable
[0912/070006:WARNING:in_range_cast.h(38)] value 2451889004162 out of range
[0912/070006:WARNING:in_range_cast.h(38)] value 2451889003876 out of range
[0912/070006:WARNING:in_range_cast.h(38)] value 2451889004202 out of range
[0912/070006:WARNING:in_range_cast.h(38)] value 2451888999220 out of range
[0912/070006:WARNING:in_range_cast.h(38)] value 2451889467312 out of range
[0912/070008:ERROR:process_info.cc(608)] range at 0xaf34318600000000, size 0x267 fully unreadable
[0912/070008:ERROR:process_info.cc(608)] range at 0xaf3431ee00000000, size 0x267 fully unreadable
[0912/070008:ERROR:process_info.cc(608)] range at 0x0, size 0x267 fully unreadable
[0912/070008:WARNING:in_range_cast.h(38)] value 2644344315524 out of range
[0912/070008:WARNING:in_range_cast.h(38)] value 2644344315238 out of range
[0912/070008:WARNING:in_range_cast.h(38)] value 2644344315564 out of range
[0912/070008:WARNING:in_range_cast.h(38)] value 2644344310582 out of range
[0912/070008:WARNING:in_range_cast.h(38)] value 2644344775664 out of range
[0912/070159:ERROR:process_info.cc(608)] range at 0x69b318200000000, size 0x201 fully unreadable
[0912/070159:ERROR:process_info.cc(608)] range at 0x69b31ea00000000, size 0x201 fully unreadable
[0912/070159:ERROR:process_info.cc(608)] range at 0x0, size 0x201 fully unreadable
[0912/070159:WARNING:in_range_cast.h(38)] value 2203429052036 out of range
[0912/070159:WARNING:in_range_cast.h(38)] value 2203429051750 out of range
[0912/070159:WARNING:in_range_cast.h(38)] value 2203429052076 out of range
[0912/070159:WARNING:in_range_cast.h(38)] value 2203429047094 out of range
[0912/070159:WARNING:in_range_cast.h(38)] value 2203429514368 out of range
[0912/070201:ERROR:process_info.cc(608)] range at 0xe51d318600000000, size 0x263 fully unreadable
[0912/070201:ERROR:process_info.cc(608)] range at 0xe51d31ee00000000, size 0x263 fully unreadable
[0912/070201:ERROR:process_info.cc(608)] range at 0x0, size 0x263 fully unreadable
[0912/070201:WARNING:in_range_cast.h(38)] value 2628068908676 out of range
[0912/070201:WARNING:in_range_cast.h(38)] value 2628068908390 out of range
[0912/070201:WARNING:in_range_cast.h(38)] value 2628068908716 out of range
[0912/070201:WARNING:in_range_cast.h(38)] value 2628068903734 out of range
[0912/070201:WARNING:in_range_cast.h(38)] value 2628069366752 out of range
[0912/070213:ERROR:process_info.cc(608)] range at 0x5e7c318400000000, size 0x217 fully unreadable
[0912/070213:ERROR:process_info.cc(608)] range at 0x5e7c31ec00000000, size 0x217 fully unreadable
[0912/070213:ERROR:process_info.cc(608)] range at 0x0, size 0x217 fully unreadable
[0912/070213:WARNING:in_range_cast.h(38)] value 2299392695940 out of range
[0912/070213:WARNING:in_range_cast.h(38)] value 2299392695654 out of range
[0912/070213:WARNING:in_range_cast.h(38)] value 2299392695980 out of range
[0912/070213:WARNING:in_range_cast.h(38)] value 2299392690998 out of range
[0912/070213:WARNING:in_range_cast.h(38)] value 2299393160336 out of range
[0912/070215:ERROR:process_info.cc(608)] range at 0xa12c318000000000, size 0x1c7 fully unreadable
[0912/070215:ERROR:process_info.cc(608)] range at 0xa12c31e600000000, size 0x1c7 fully unreadable
[0912/070215:ERROR:process_info.cc(608)] range at 0x0, size 0x1c7 fully unreadable
[0912/070215:WARNING:in_range_cast.h(38)] value 1956914142850 out of range
[0912/070215:WARNING:in_range_cast.h(38)] value 1956914142564 out of range
[0912/070215:WARNING:in_range_cast.h(38)] value 1956914142890 out of range
[0912/070215:WARNING:in_range_cast.h(38)] value 1956914137908 out of range
[0912/070215:WARNING:in_range_cast.h(38)] value 1956914623408 out of range
[0912/070308:ERROR:process_info.cc(608)] range at 0xbbc7317600000000, size 0x2d3 fully unreadable
[0912/070308:ERROR:process_info.cc(608)] range at 0xbbc731dc00000000, size 0x2d3 fully unreadable
[0912/070308:ERROR:process_info.cc(608)] range at 0x0, size 0x2d3 fully unreadable
[0912/070308:WARNING:in_range_cast.h(38)] value 3108411743876 out of range
[0912/070308:WARNING:in_range_cast.h(38)] value 3108411743590 out of range
[0912/070308:WARNING:in_range_cast.h(38)] value 3108411743916 out of range
[0912/070308:WARNING:in_range_cast.h(38)] value 3108411738934 out of range
[0912/070308:WARNING:in_range_cast.h(38)] value 3108412218880 out of range
[0912/071108:ERROR:process_info.cc(608)] range at 0x196b318200000000, size 0x251 fully unreadable
[0912/071108:ERROR:process_info.cc(608)] range at 0x196b31ea00000000, size 0x251 fully unreadable
[0912/071108:ERROR:process_info.cc(608)] range at 0x0, size 0x251 fully unreadable
[0912/071108:WARNING:in_range_cast.h(38)] value 2547342057090 out of range
[0912/071108:WARNING:in_range_cast.h(38)] value 2547342056804 out of range
[0912/071108:WARNING:in_range_cast.h(38)] value 2547342057130 out of range
[0912/071108:WARNING:in_range_cast.h(38)] value 2547342052148 out of range
[0912/071108:WARNING:in_range_cast.h(38)] value 2547342521488 out of range
[0912/071109:ERROR:process_info.cc(608)] range at 0x29db318600000000, size 0x1ff fully unreadable
[0912/071109:ERROR:process_info.cc(608)] range at 0x29db31ee00000000, size 0x1ff fully unreadable
[0912/071109:ERROR:process_info.cc(608)] range at 0x0, size 0x1ff fully unreadable
[0912/071109:WARNING:in_range_cast.h(38)] value 2195430514308 out of range
[0912/071109:WARNING:in_range_cast.h(38)] value 2195430514022 out of range
[0912/071109:WARNING:in_range_cast.h(38)] value 2195430514348 out of range
[0912/071109:WARNING:in_range_cast.h(38)] value 2195430509366 out of range
[0912/071109:WARNING:in_range_cast.h(38)] value 2195430972384 out of range
[0912/071111:ERROR:process_info.cc(608)] range at 0x489d318600000000, size 0x2c5 fully unreadable
[0912/071111:ERROR:process_info.cc(608)] range at 0x489d31ee00000000, size 0x2c5 fully unreadable
[0912/071111:ERROR:process_info.cc(608)] range at 0x0, size 0x2c5 fully unreadable
[0912/071111:WARNING:in_range_cast.h(38)] value 3046350069380 out of range
[0912/071111:WARNING:in_range_cast.h(38)] value 3046350069094 out of range
[0912/071111:WARNING:in_range_cast.h(38)] value 3046350069420 out of range
[0912/071111:WARNING:in_range_cast.h(38)] value 3046350064438 out of range
[0912/071111:WARNING:in_range_cast.h(38)] value 3046350527456 out of range
[0912/071113:ERROR:process_info.cc(608)] range at 0xdfdb318200000000, size 0x143 fully unreadable
[0912/071113:ERROR:process_info.cc(608)] range at 0xdfdb31ea00000000, size 0x143 fully unreadable
[0912/071113:ERROR:process_info.cc(608)] range at 0x0, size 0x143 fully unreadable
[0912/071113:WARNING:in_range_cast.h(38)] value 1391030115972 out of range
[0912/071113:WARNING:in_range_cast.h(38)] value 1391030115686 out of range
[0912/071113:WARNING:in_range_cast.h(38)] value 1391030116012 out of range
[0912/071113:WARNING:in_range_cast.h(38)] value 1391030111030 out of range
[0912/071113:WARNING:in_range_cast.h(38)] value 1391030581888 out of range
[0912/072038:ERROR:process_info.cc(608)] range at 0x6083318600000000, size 0x1ab fully unreadable
[0912/072038:ERROR:process_info.cc(608)] range at 0x608331ee00000000, size 0x1ab fully unreadable
[0912/072038:ERROR:process_info.cc(608)] range at 0x0, size 0x1ab fully unreadable
[0912/072038:WARNING:in_range_cast.h(38)] value 1835570241156 out of range
[0912/072038:WARNING:in_range_cast.h(38)] value 1835570240870 out of range
[0912/072038:WARNING:in_range_cast.h(38)] value 1835570241196 out of range
[0912/072038:WARNING:in_range_cast.h(38)] value 1835570236214 out of range
[0912/072038:WARNING:in_range_cast.h(38)] value 1835570699232 out of range
[0912/072040:ERROR:process_info.cc(608)] range at 0x99a5318400000000, size 0x12f fully unreadable
[0912/072040:ERROR:process_info.cc(608)] range at 0x99a531ea00000000, size 0x12f fully unreadable
[0912/072040:ERROR:process_info.cc(608)] range at 0x0, size 0x12f fully unreadable
[0912/072040:WARNING:in_range_cast.h(38)] value 1303952825988 out of range
[0912/072040:WARNING:in_range_cast.h(38)] value 1303952825702 out of range
[0912/072040:WARNING:in_range_cast.h(38)] value 1303952826028 out of range
[0912/072040:WARNING:in_range_cast.h(38)] value 1303952821046 out of range
[0912/072040:WARNING:in_range_cast.h(38)] value 1303953288320 out of range
[0912/072041:ERROR:process_info.cc(608)] range at 0xdd1e317e00000000, size 0x1a8 fully unreadable
[0912/072041:ERROR:process_info.cc(608)] range at 0xdd1e31e600000000, size 0x1a8 fully unreadable
[0912/072041:ERROR:process_info.cc(608)] range at 0x0, size 0x1a8 fully unreadable
[0912/072041:WARNING:in_range_cast.h(38)] value 1824775872130 out of range
[0912/072041:WARNING:in_range_cast.h(38)] value 1824775871844 out of range
[0912/072041:WARNING:in_range_cast.h(38)] value 1824775872170 out of range
[0912/072041:WARNING:in_range_cast.h(38)] value 1824775867188 out of range
[0912/072041:WARNING:in_range_cast.h(38)] value 1824776347520 out of range
[0912/072505:ERROR:process_info.cc(608)] range at 0x378a318600000000, size 0x1cb fully unreadable
[0912/072505:ERROR:process_info.cc(608)] range at 0x378a31ee00000000, size 0x1cb fully unreadable
[0912/072505:ERROR:process_info.cc(608)] range at 0x0, size 0x1cb fully unreadable
[0912/072505:WARNING:in_range_cast.h(38)] value 1972321787524 out of range
[0912/072505:WARNING:in_range_cast.h(38)] value 1972321787238 out of range
[0912/072505:WARNING:in_range_cast.h(38)] value 1972321787564 out of range
[0912/072505:WARNING:in_range_cast.h(38)] value 1972321782582 out of range
[0912/072505:WARNING:in_range_cast.h(38)] value 1972322245600 out of range
[0912/072654:ERROR:process_info.cc(608)] range at 0xe5be2dd000000000, size 0x2d9 fully unreadable
[0912/072654:ERROR:process_info.cc(608)] range at 0xe5be2df000000000, size 0x2d9 fully unreadable
[0912/072654:ERROR:process_info.cc(608)] range at 0x0, size 0x2d9 fully unreadable
[0912/072654:ERROR:process_info.cc(608)] range at 0x15332dd000000000, size 0x1c8 fully unreadable
[0912/072654:ERROR:process_info.cc(608)] range at 0x15332df000000000, size 0x1c8 fully unreadable
[0912/072654:ERROR:process_info.cc(608)] range at 0x0, size 0x1c8 fully unreadable
[0912/072654:ERROR:process_info.cc(608)] range at 0xdb1b2dd000000000, size 0x21c fully unreadable
[0912/072654:ERROR:process_info.cc(608)] range at 0xdb1b2df000000000, size 0x21c fully unreadable
[0912/072654:ERROR:process_info.cc(608)] range at 0x0, size 0x21c fully unreadable
[0912/072654:ERROR:process_reader_win.cc(114)] NtOpenThread: {Access Denied} A process has requested access to an object, but has not been granted those access rights.  (0xc0000022)
[0912/072654:ERROR:exception_snapshot_win.cc(88)] thread ID 10464 not found in process
[0912/072654:WARNING:crash_report_exception_handler.cc(60)] ProcessSnapshotWin::InitializeException failed
[0912/072654:ERROR:process_reader_win.cc(114)] NtOpenThread: {Access Denied} A process has requested access to an object, but has not been granted those access rights.  (0xc0000022)
[0912/072654:ERROR:process_reader_win.cc(114)] NtOpenThread: {Access Denied} A process has requested access to an object, but has not been granted those access rights.  (0xc0000022)
[0912/072654:ERROR:exception_snapshot_win.cc(88)] thread ID 15384 not found in process
[0912/072654:WARNING:crash_report_exception_handler.cc(60)] ProcessSnapshotWin::InitializeException failed
[0912/072654:ERROR:exception_snapshot_win.cc(88)] thread ID 18124 not found in process
[0912/072654:WARNING:crash_report_exception_handler.cc(60)] ProcessSnapshotWin::InitializeException failed
[0912/072738:ERROR:process_info.cc(608)] range at 0x17d3318400000000, size 0x29e fully unreadable
[0912/072738:ERROR:process_info.cc(608)] range at 0x17d331ec00000000, size 0x29e fully unreadable
[0912/072738:ERROR:process_info.cc(608)] range at 0x0, size 0x29e fully unreadable
[0912/072738:WARNING:in_range_cast.h(38)] value 2878027800194 out of range
[0912/072738:WARNING:in_range_cast.h(38)] value 2878027799908 out of range
[0912/072738:WARNING:in_range_cast.h(38)] value 2878027800234 out of range
[0912/072738:WARNING:in_range_cast.h(38)] value 2878027795252 out of range
[0912/072738:WARNING:in_range_cast.h(38)] value 2878028262528 out of range
[0912/170518:ERROR:process_info.cc(608)] range at 0x5e8c318400000000, size 0x203 fully unreadable
[0912/170518:ERROR:process_info.cc(608)] range at 0x5e8c31ec00000000, size 0x203 fully unreadable
[0912/170518:ERROR:process_info.cc(608)] range at 0x0, size 0x203 fully unreadable
[0912/170518:WARNING:in_range_cast.h(38)] value 2213494398594 out of range
[0912/170518:WARNING:in_range_cast.h(38)] value 2213494398308 out of range
[0912/170518:WARNING:in_range_cast.h(38)] value 2213494398634 out of range
[0912/170518:WARNING:in_range_cast.h(38)] value 2213494393652 out of range
[0912/170518:WARNING:in_range_cast.h(38)] value 2213494860928 out of range
[0915/160142:ERROR:process_info.cc(608)] range at 0x17812b2000000000, size 0x24d fully unreadable
[0915/160142:ERROR:process_info.cc(608)] range at 0x17812b8800000000, size 0x24d fully unreadable
[0915/160142:ERROR:process_info.cc(608)] range at 0x0, size 0x24d fully unreadable
[0915/160142:WARNING:in_range_cast.h(38)] value 2530130072156 out of range
[0915/160142:WARNING:in_range_cast.h(38)] value 2530130071530 out of range
[0915/160142:WARNING:in_range_cast.h(38)] value 2530130070350 out of range
[0915/160142:WARNING:in_range_cast.h(38)] value 2530130071728 out of range
[0915/160142:WARNING:in_range_cast.h(38)] value 2530130071484 out of range
[0915/160142:WARNING:in_range_cast.h(38)] value 2530130541824 out of range
[0915/160247:ERROR:process_info.cc(608)] range at 0xc552b2400000000, size 0x1e0 fully unreadable
[0915/160247:ERROR:process_info.cc(608)] range at 0xc552b8c00000000, size 0x1e0 fully unreadable
[0915/160247:ERROR:process_info.cc(608)] range at 0x0, size 0x1e0 fully unreadable
[0915/160247:WARNING:in_range_cast.h(38)] value 2061791203932 out of range
[0915/160247:WARNING:in_range_cast.h(38)] value 2061791203306 out of range
[0915/160247:WARNING:in_range_cast.h(38)] value 2061791202126 out of range
[0915/160247:WARNING:in_range_cast.h(38)] value 2061791203504 out of range
[0915/160247:WARNING:in_range_cast.h(38)] value 2061791203260 out of range
[0915/160247:WARNING:in_range_cast.h(38)] value 2061791676720 out of range
[0915/160430:ERROR:process_info.cc(608)] range at 0x52db29be00000000, size 0x15e fully unreadable
[0915/160430:ERROR:process_info.cc(608)] range at 0x52db2a2600000000, size 0x15e fully unreadable
[0915/160430:ERROR:process_info.cc(608)] range at 0x0, size 0x15e fully unreadable
[0915/160430:WARNING:in_range_cast.h(38)] value 1504628640474 out of range
[0915/160430:WARNING:in_range_cast.h(38)] value 1504628640474 out of range
[0915/160430:WARNING:in_range_cast.h(38)] value 1504628643636 out of range
[0915/160430:WARNING:in_range_cast.h(38)] value 1504629113072 out of range
[0915/160655:ERROR:process_info.cc(608)] range at 0x3abb29c000000000, size 0x214 fully unreadable
[0915/160655:ERROR:process_info.cc(608)] range at 0x3abb2a2800000000, size 0x214 fully unreadable
[0915/160655:ERROR:process_info.cc(608)] range at 0x0, size 0x214 fully unreadable
[0915/160655:WARNING:in_range_cast.h(38)] value 2285907938932 out of range
[0915/160655:WARNING:in_range_cast.h(38)] value 2285907938932 out of range
[0915/160655:WARNING:in_range_cast.h(38)] value 2285907938646 out of range
[0915/160655:WARNING:in_range_cast.h(38)] value 2285908411776 out of range
[0915/160656:ERROR:process_info.cc(608)] range at 0xda4729c400000000, size 0x1d3 fully unreadable
[0915/160656:ERROR:process_info.cc(608)] range at 0xda472a2c00000000, size 0x1d3 fully unreadable
[0915/160656:ERROR:process_info.cc(608)] range at 0x0, size 0x1d3 fully unreadable
[0915/160656:WARNING:in_range_cast.h(38)] value 2009411816400 out of range
[0915/160656:WARNING:in_range_cast.h(38)] value 2009411816336 out of range
[0915/160656:WARNING:in_range_cast.h(38)] value 2009411817624 out of range
[0915/160656:WARNING:in_range_cast.h(38)] value 2009412290400 out of range
[0915/160809:ERROR:process_info.cc(608)] range at 0x646629d400000000, size 0x289 fully unreadable
[0915/160809:ERROR:process_info.cc(608)] range at 0x64662a3c00000000, size 0x289 fully unreadable
[0915/160809:ERROR:process_info.cc(608)] range at 0x0, size 0x289 fully unreadable
[0915/160809:WARNING:in_range_cast.h(38)] value 2789118184850 out of range
[0915/160809:WARNING:in_range_cast.h(38)] value 2789118184918 out of range
[0915/160809:WARNING:in_range_cast.h(38)] value 2789118185532 out of range
[0915/160809:WARNING:in_range_cast.h(38)] value 2789118644064 out of range
[0915/161002:ERROR:process_info.cc(608)] range at 0xa20529d400000000, size 0x185 fully unreadable
[0915/161002:ERROR:process_info.cc(608)] range at 0xa2052a3c00000000, size 0x185 fully unreadable
[0915/161002:ERROR:process_info.cc(608)] range at 0x0, size 0x185 fully unreadable
[0915/161002:WARNING:in_range_cast.h(38)] value 1673460517884 out of range
[0915/161002:WARNING:in_range_cast.h(38)] value 1673460518378 out of range
[0915/161002:WARNING:in_range_cast.h(38)] value 1673460518586 out of range
[0915/161002:WARNING:in_range_cast.h(38)] value 1673460983488 out of range
[0915/191906:ERROR:process_info.cc(608)] range at 0xd8f229c000000000, size 0x29f fully unreadable
[0915/191906:ERROR:process_info.cc(608)] range at 0xd8f22a2800000000, size 0x29f fully unreadable
[0915/191906:ERROR:process_info.cc(608)] range at 0x0, size 0x29f fully unreadable
[0915/191906:WARNING:in_range_cast.h(38)] value 2885562799632 out of range
[0915/191906:WARNING:in_range_cast.h(38)] value 2885562797054 out of range
[0915/191906:WARNING:in_range_cast.h(38)] value 2885562797054 out of range
[0915/191906:WARNING:in_range_cast.h(38)] value 2885563279568 out of range
[0915/193401:ERROR:process_info.cc(608)] range at 0xe30d29d000000000, size 0x20f fully unreadable
[0915/193401:ERROR:process_info.cc(608)] range at 0xe30d2a3800000000, size 0x20f fully unreadable
[0915/193401:ERROR:process_info.cc(608)] range at 0x0, size 0x20f fully unreadable
[0915/193401:WARNING:in_range_cast.h(38)] value 2267257047708 out of range
[0915/193401:WARNING:in_range_cast.h(38)] value 2267257048418 out of range
[0915/193401:WARNING:in_range_cast.h(38)] value 2267257048486 out of range
[0915/193401:WARNING:in_range_cast.h(38)] value 2267257515984 out of range
[0915/193402:ERROR:process_info.cc(608)] range at 0xb9d929ce00000000, size 0x280 fully unreadable
[0915/193402:ERROR:process_info.cc(608)] range at 0xb9d92a3600000000, size 0x280 fully unreadable
[0915/193402:ERROR:process_info.cc(608)] range at 0x0, size 0x280 fully unreadable
[0915/193402:WARNING:in_range_cast.h(38)] value 2751897080768 out of range
[0915/193402:WARNING:in_range_cast.h(38)] value 2751897081890 out of range
[0915/193402:WARNING:in_range_cast.h(38)] value 2751897080256 out of range
[0915/193402:WARNING:in_range_cast.h(38)] value 2751897546704 out of range
[0915/193441:ERROR:process_info.cc(608)] range at 0xaab629d000000000, size 0x182 fully unreadable
[0915/193441:ERROR:process_info.cc(608)] range at 0xaab62a3800000000, size 0x182 fully unreadable
[0915/193441:ERROR:process_info.cc(608)] range at 0x0, size 0x182 fully unreadable
[0915/193441:WARNING:in_range_cast.h(38)] value 1660721435422 out of range
[0915/193441:WARNING:in_range_cast.h(38)] value 1660721435572 out of range
[0915/193441:WARNING:in_range_cast.h(38)] value 1660721435474 out of range
[0915/193441:WARNING:in_range_cast.h(38)] value 1660721909216 out of range
[0915/193756:ERROR:process_info.cc(608)] range at 0x98d429d400000000, size 0x1a3 fully unreadable
[0915/193756:ERROR:process_info.cc(608)] range at 0x98d42a3c00000000, size 0x1a3 fully unreadable
[0915/193756:ERROR:process_info.cc(608)] range at 0x0, size 0x1a3 fully unreadable
[0915/193756:WARNING:in_range_cast.h(38)] value 1802155332362 out of range
[0915/193756:WARNING:in_range_cast.h(38)] value 1802155331946 out of range
[0915/193756:WARNING:in_range_cast.h(38)] value 1802155333054 out of range
[0915/193756:WARNING:in_range_cast.h(38)] value 1802155799072 out of range
[0915/193810:ERROR:process_info.cc(608)] range at 0x97a329d000000000, size 0x214 fully unreadable
[0915/193810:ERROR:process_info.cc(608)] range at 0x97a32a3800000000, size 0x214 fully unreadable
[0915/193810:ERROR:process_info.cc(608)] range at 0x0, size 0x214 fully unreadable
[0915/193810:WARNING:in_range_cast.h(38)] value 2287466646450 out of range
[0915/193810:WARNING:in_range_cast.h(38)] value 2287466646510 out of range
[0915/193810:WARNING:in_range_cast.h(38)] value 2287466648822 out of range
[0915/193810:WARNING:in_range_cast.h(38)] value 2287467106208 out of range
[0915/194145:ERROR:process_info.cc(608)] range at 0x3f9a29bc00000000, size 0x16f fully unreadable
[0915/194145:ERROR:process_info.cc(608)] range at 0x3f9a2a2400000000, size 0x16f fully unreadable
[0915/194145:ERROR:process_info.cc(608)] range at 0x0, size 0x16f fully unreadable
[0915/194145:WARNING:in_range_cast.h(38)] value 1577320058044 out of range
[0915/194145:WARNING:in_range_cast.h(38)] value 1577320057790 out of range
[0915/194145:WARNING:in_range_cast.h(38)] value 1577320059528 out of range
[0915/194145:WARNING:in_range_cast.h(38)] value 1577320530240 out of range
[0915/194237:ERROR:process_info.cc(608)] range at 0xbc5229d400000000, size 0x25c fully unreadable
[0915/194237:ERROR:process_info.cc(608)] range at 0xbc522a3c00000000, size 0x25c fully unreadable
[0915/194237:ERROR:process_info.cc(608)] range at 0x0, size 0x25c fully unreadable
[0915/194237:WARNING:in_range_cast.h(38)] value 2597319740922 out of range
[0915/194237:WARNING:in_range_cast.h(38)] value 2597319740120 out of range
[0915/194237:WARNING:in_range_cast.h(38)] value 2597319741142 out of range
[0915/194237:WARNING:in_range_cast.h(38)] value 2597320202944 out of range
[0915/194327:ERROR:process_info.cc(608)] range at 0x6d6029c400000000, size 0x22c fully unreadable
[0915/194327:ERROR:process_info.cc(608)] range at 0x6d602a2c00000000, size 0x22c fully unreadable
[0915/194327:ERROR:process_info.cc(608)] range at 0x0, size 0x22c fully unreadable
[0915/194327:WARNING:in_range_cast.h(38)] value 2389836829760 out of range
[0915/194327:WARNING:in_range_cast.h(38)] value 2389836830128 out of range
[0915/194327:WARNING:in_range_cast.h(38)] value 2389836830092 out of range
[0915/194327:WARNING:in_range_cast.h(38)] value 2389837291520 out of range
[0915/194510:ERROR:process_info.cc(608)] range at 0x907f29c200000000, size 0x17f fully unreadable
[0915/194510:ERROR:process_info.cc(608)] range at 0x907f2a2a00000000, size 0x17f fully unreadable
[0915/194510:ERROR:process_info.cc(608)] range at 0x0, size 0x17f fully unreadable
[0915/194510:WARNING:in_range_cast.h(38)] value 1647396722380 out of range
[0915/194510:WARNING:in_range_cast.h(38)] value 1647396722514 out of range
[0915/194510:WARNING:in_range_cast.h(38)] value 1647396722654 out of range
[0915/194510:WARNING:in_range_cast.h(38)] value 1647397191504 out of range
[0915/194920:ERROR:process_info.cc(608)] range at 0xfc0a29d400000000, size 0x182 fully unreadable
[0915/194920:ERROR:process_info.cc(608)] range at 0xfc0a2a3c00000000, size 0x182 fully unreadable
[0915/194920:ERROR:process_info.cc(608)] range at 0x0, size 0x182 fully unreadable
[0915/194920:WARNING:in_range_cast.h(38)] value 1662085892766 out of range
[0915/194920:WARNING:in_range_cast.h(38)] value 1662085893220 out of range
[0915/194920:WARNING:in_range_cast.h(38)] value 1662085896836 out of range
[0915/194920:WARNING:in_range_cast.h(38)] value 1662086365840 out of range
[0915/200126:ERROR:process_info.cc(608)] range at 0xfbaf29d600000000, size 0x293 fully unreadable
[0915/200126:ERROR:process_info.cc(608)] range at 0xfbaf2a3e00000000, size 0x293 fully unreadable
[0915/200126:ERROR:process_info.cc(608)] range at 0x0, size 0x293 fully unreadable
[0915/200126:WARNING:in_range_cast.h(38)] value 2834606001030 out of range
[0915/200126:WARNING:in_range_cast.h(38)] value 2834606001090 out of range
[0915/200126:WARNING:in_range_cast.h(38)] value 2834606002044 out of range
[0915/200126:WARNING:in_range_cast.h(38)] value 2834606461024 out of range
[0915/200523:ERROR:process_info.cc(608)] range at 0xee3f29d600000000, size 0x2af fully unreadable
[0915/200523:ERROR:process_info.cc(608)] range at 0xee3f2a3e00000000, size 0x2af fully unreadable
[0915/200523:ERROR:process_info.cc(608)] range at 0x0, size 0x2af fully unreadable
[0915/200523:WARNING:in_range_cast.h(38)] value 2954639641236 out of range
[0915/200523:WARNING:in_range_cast.h(38)] value 2954639642056 out of range
[0915/200523:WARNING:in_range_cast.h(38)] value 2954639642124 out of range
[0915/200523:WARNING:in_range_cast.h(38)] value 2954640114384 out of range
[0915/203017:ERROR:process_info.cc(608)] range at 0x646029c600000000, size 0x23d fully unreadable
[0915/203017:ERROR:process_info.cc(608)] range at 0x64602a2c00000000, size 0x23d fully unreadable
[0915/203017:ERROR:process_info.cc(608)] range at 0x0, size 0x23d fully unreadable
[0915/203017:WARNING:in_range_cast.h(38)] value 2462700279600 out of range
[0915/203017:WARNING:in_range_cast.h(38)] value 2462700276294 out of range
[0915/203017:WARNING:in_range_cast.h(38)] value 2462700279736 out of range
[0915/203017:WARNING:in_range_cast.h(38)] value 2462700748624 out of range
[0915/203841:ERROR:process_info.cc(608)] range at 0x16fb2b2200000000, size 0x1b5 fully unreadable
[0915/203841:ERROR:process_info.cc(608)] range at 0x16fb2b8a00000000, size 0x1b5 fully unreadable
[0915/203841:ERROR:process_info.cc(608)] range at 0x0, size 0x1b5 fully unreadable
[0915/203841:WARNING:in_range_cast.h(38)] value 1877286260898 out of range
[0915/203841:WARNING:in_range_cast.h(38)] value 1877286259382 out of range
[0915/203841:WARNING:in_range_cast.h(38)] value 1877286259810 out of range
[0915/203841:WARNING:in_range_cast.h(38)] value 1877286260276 out of range
[0915/203841:WARNING:in_range_cast.h(38)] value 1877286260898 out of range
[0915/203841:WARNING:in_range_cast.h(38)] value 1877286729968 out of range
[0915/213346:ERROR:process_info.cc(608)] range at 0xc969261c00000000, size 0x198 fully unreadable
[0915/213346:ERROR:process_info.cc(608)] range at 0xc969263c00000000, size 0x198 fully unreadable
[0915/213346:ERROR:process_info.cc(608)] range at 0x0, size 0x198 fully unreadable
[0915/213346:ERROR:process_reader_win.cc(114)] NtOpenThread: {Access Denied} A process has requested access to an object, but has not been granted those access rights.  (0xc0000022)
[0915/213346:ERROR:exception_snapshot_win.cc(88)] thread ID 12188 not found in process
[0915/213346:WARNING:crash_report_exception_handler.cc(60)] ProcessSnapshotWin::InitializeException failed
[0915/213508:ERROR:process_info.cc(608)] range at 0x41f7262200000000, size 0x251 fully unreadable
[0915/213508:ERROR:process_info.cc(608)] range at 0x41f7264200000000, size 0x251 fully unreadable
[0915/213508:ERROR:process_info.cc(608)] range at 0x0, size 0x251 fully unreadable
[0915/213508:ERROR:process_reader_win.cc(114)] NtOpenThread: {Access Denied} A process has requested access to an object, but has not been granted those access rights.  (0xc0000022)
[0915/213508:ERROR:exception_snapshot_win.cc(88)] thread ID 8836 not found in process
[0915/213508:WARNING:crash_report_exception_handler.cc(60)] ProcessSnapshotWin::InitializeException failed
[0915/213602:ERROR:process_info.cc(608)] range at 0x85a529d400000000, size 0x1fc fully unreadable
[0915/213602:ERROR:process_info.cc(608)] range at 0x85a52a3c00000000, size 0x1fc fully unreadable
[0915/213602:ERROR:process_info.cc(608)] range at 0x0, size 0x1fc fully unreadable
[0915/213602:WARNING:in_range_cast.h(38)] value 2184085575332 out of range
[0915/213602:WARNING:in_range_cast.h(38)] value 2184085575332 out of range
[0915/213602:WARNING:in_range_cast.h(38)] value 2184085572984 out of range
[0915/213602:WARNING:in_range_cast.h(38)] value 2184086032288 out of range
[0915/213938:ERROR:process_info.cc(608)] range at 0x5a2629d200000000, size 0x168 fully unreadable
[0915/213938:ERROR:process_info.cc(608)] range at 0x5a262a3a00000000, size 0x168 fully unreadable
[0915/213938:ERROR:process_info.cc(608)] range at 0x0, size 0x168 fully unreadable
[0915/213938:WARNING:in_range_cast.h(38)] value 1547700669742 out of range
[0915/213938:WARNING:in_range_cast.h(38)] value 1547700669122 out of range
[0915/213938:WARNING:in_range_cast.h(38)] value 1547700670756 out of range
[0915/213938:WARNING:in_range_cast.h(38)] value 1547701144224 out of range
[0917/155138:ERROR:process_info.cc(608)] range at 0x570e290c00000000, size 0x202 fully unreadable
[0917/155138:ERROR:process_info.cc(608)] range at 0x570e297000000000, size 0x202 fully unreadable
[0917/155138:ERROR:process_info.cc(608)] range at 0x0, size 0x202 fully unreadable
[0917/155138:WARNING:in_range_cast.h(38)] value 2209073729158 out of range
[0917/155138:WARNING:in_range_cast.h(38)] value 2209073728962 out of range
[0917/155138:WARNING:in_range_cast.h(38)] value 2209073728856 out of range
[0917/155138:WARNING:in_range_cast.h(38)] value 2209074194928 out of range
[0917/155657:ERROR:process_info.cc(608)] range at 0x4ac6256e00000000, size 0x14d fully unreadable
[0917/155657:ERROR:process_info.cc(608)] range at 0x4ac6258e00000000, size 0x14d fully unreadable
[0917/155657:ERROR:process_info.cc(608)] range at 0x0, size 0x14d fully unreadable
[0917/155657:ERROR:process_reader_win.cc(114)] NtOpenThread: {Access Denied} A process has requested access to an object, but has not been granted those access rights.  (0xc0000022)
[0917/155657:ERROR:exception_snapshot_win.cc(88)] thread ID 5864 not found in process
[0917/155657:WARNING:crash_report_exception_handler.cc(60)] ProcessSnapshotWin::InitializeException failed
[0917/155751:ERROR:process_info.cc(608)] range at 0x5e1a29c400000000, size 0x29d fully unreadable
[0917/155751:ERROR:process_info.cc(608)] range at 0x5e1a2a2600000000, size 0x29d fully unreadable
[0917/155751:ERROR:process_info.cc(608)] range at 0x0, size 0x29d fully unreadable
[0917/155751:WARNING:in_range_cast.h(38)] value 2874911886374 out of range
[0917/155751:WARNING:in_range_cast.h(38)] value 2874911886128 out of range
[0917/155751:WARNING:in_range_cast.h(38)] value 2874911887958 out of range
[0917/155751:WARNING:in_range_cast.h(38)] value 2874912352192 out of range
[0917/160508:ERROR:process_info.cc(608)] range at 0x38529c000000000, size 0x1f3 fully unreadable
[0917/160508:ERROR:process_info.cc(608)] range at 0x3852a2400000000, size 0x1f3 fully unreadable
[0917/160508:ERROR:process_info.cc(608)] range at 0x0, size 0x1f3 fully unreadable
[0917/160508:WARNING:in_range_cast.h(38)] value 2143247731728 out of range
[0917/160508:WARNING:in_range_cast.h(38)] value 2143247731834 out of range
[0917/160508:WARNING:in_range_cast.h(38)] value 2143247732352 out of range
[0917/160508:WARNING:in_range_cast.h(38)] value 2143248203536 out of range
[0917/160910:ERROR:process_info.cc(608)] range at 0xdf34261800000000, size 0x19a fully unreadable
[0917/160910:ERROR:process_info.cc(608)] range at 0xdf34263800000000, size 0x19a fully unreadable
[0917/160910:ERROR:process_info.cc(608)] range at 0x0, size 0x19a fully unreadable
[0917/160910:ERROR:process_reader_win.cc(114)] NtOpenThread: {Access Denied} A process has requested access to an object, but has not been granted those access rights.  (0xc0000022)
[0917/160910:ERROR:exception_snapshot_win.cc(88)] thread ID 3612 not found in process
[0917/160910:WARNING:crash_report_exception_handler.cc(60)] ProcessSnapshotWin::InitializeException failed
[0917/161553:ERROR:process_info.cc(608)] range at 0xaf7729be00000000, size 0x251 fully unreadable
[0917/161553:ERROR:process_info.cc(608)] range at 0xaf772a2200000000, size 0x251 fully unreadable
[0917/161553:ERROR:process_info.cc(608)] range at 0x0, size 0x251 fully unreadable
[0917/161553:WARNING:in_range_cast.h(38)] value 2549859421164 out of range
[0917/161553:WARNING:in_range_cast.h(38)] value 2549859421040 out of range
[0917/161553:WARNING:in_range_cast.h(38)] value 2549859423650 out of range
[0917/161553:WARNING:in_range_cast.h(38)] value 2549859885024 out of range
[0917/162650:ERROR:process_info.cc(608)] range at 0x937529c000000000, size 0x2ed fully unreadable
[0917/162650:ERROR:process_info.cc(608)] range at 0x93752a2400000000, size 0x2ed fully unreadable
[0917/162650:ERROR:process_info.cc(608)] range at 0x0, size 0x2ed fully unreadable
[0917/162651:WARNING:in_range_cast.h(38)] value 3219404426064 out of range
[0917/162651:WARNING:in_range_cast.h(38)] value 3219404425926 out of range
[0917/162651:WARNING:in_range_cast.h(38)] value 3219404427038 out of range
[0917/162651:WARNING:in_range_cast.h(38)] value 3219404890032 out of range
